<?xml version="1.0" encoding="UTF-8"?>
<!-- Generated by org.testng.reporters.JUnitReportReporter -->
<testsuite skipped="0" hostname="ADMIN-PC" name="galenNew1.broswerTesting" tests="1" failures="0" timestamp="21 Aug 2021 05:13:52 GMT" time="0.011" errors="0">
  <testcase name="Test1" time="0.011" classname="galenNew1.broswerTesting"/>
</testsuite> <!-- galenNew1.broswerTesting -->
